Description

The Jenkins job PreCommit-HIVE-SPARK-Build is failing due to many TestCliDriver.initializationError test results.

Error Message

Unexpected exception java.io.FileNotFoundException: /data/hive-ptest/working/apache-git-source-source/itests/qtest/target/generated-test-sources/java/org/apache/hadoop/hive/cli/TestCliDriverQFileNames.txt (No such file or directory)
 at java.io.FileInputStream.open(Native Method)
 at java.io.FileInputStream.&amp;lt;init&amp;gt;(FileInputStream.java:146)
 at java.io.FileReader.&amp;lt;init&amp;gt;(FileReader.java:72)
 at org.apache.hadoop.hive.ql.QTestUtil.addTestsToSuiteFromQfileNames(QTestUtil.java:2019)
 at org.apache.hadoop.hive.cli.TestCliDriver.suite(TestCliDriver.java:120)
 at sun.reflect.NativeMethodAccessorImpl.invoke0(Native Method)
 at sun.reflect.NativeMethodAccessorImpl.invoke(NativeMethodAccessorImpl.java:57)
 at sun.reflect.DelegatingMethodAccessorImpl.invoke(DelegatingMethodAccessorImpl.java:43)
 at java.lang.reflect.Method.invoke(Method.java:606)
 at org.junit.internal.runners.SuiteMethod.testFromSuiteMethod(SuiteMethod.java:35)
 at org.junit.internal.runners.SuiteMethod.&amp;lt;init&amp;gt;(SuiteMethod.java:24)
 at org.junit.internal.builders.SuiteMethodBuilder.runnerForClass(SuiteMethodBuilder.java:11)
 at org.junit.runners.model.RunnerBuilder.safeRunnerForClass(RunnerBuilder.java:59)
 at org.junit.internal.builders.AllDefaultPossibilitiesBuilder.runnerForClass(AllDefaultPossibilitiesBuilder.java:26)
 at org.junit.runners.model.RunnerBuilder.safeRunnerForClass(RunnerBuilder.java:59)
 at org.junit.internal.requests.ClassRequest.getRunner(ClassRequest.java:26)
 at org.apache.maven.surefire.junit4.JUnit4Provider.execute(JUnit4Provider.java:262)
 at org.apache.maven.surefire.junit4.JUnit4Provider.executeTestSet(JUnit4Provider.java:153)
 at org.apache.maven.surefire.junit4.JUnit4Provider.invoke(JUnit4Provider.java:124)
 at org.apache.maven.surefire.booter.ForkedBooter.invokeProviderInSameClassLoader(ForkedBooter.java:200)
 at org.apache.maven.surefire.booter.ForkedBooter.runSuitesInProcess(ForkedBooter.java:153)
 at org.apache.maven.surefire.booter.ForkedBooter.main(ForkedBooter.java:103)
Stacktrace

junit.framework.AssertionFailedError: Unexpected exception java.io.FileNotFoundException: /data/hive-ptest/working/apache-git-source-source/itests/qtest/target/generated-test-sources/java/org/apache/hadoop/hive/cli/TestCliDriverQFileNames.txt (No such file or directory)
	at java.io.FileInputStream.open(Native Method)
	at java.io.FileInputStream.&amp;lt;init&amp;gt;(FileInputStream.java:146)
	at java.io.FileReader.&amp;lt;init&amp;gt;(FileReader.java:72)
	at org.apache.hadoop.hive.ql.QTestUtil.addTestsToSuiteFromQfileNames(QTestUtil.java:2019)
	at org.apache.hadoop.hive.cli.TestCliDriver.suite(TestCliDriver.java:120)
	at sun.reflect.NativeMethodAccessorImpl.invoke0(Native Method)
	at sun.reflect.NativeMethodAccessorImpl.invoke(NativeMethodAccessorImpl.java:57)
	at sun.reflect.DelegatingMethodAccessorImpl.invoke(DelegatingMethodAccessorImpl.java:43)
	at java.lang.reflect.Method.invoke(Method.java:606)
	at org.junit.internal.runners.SuiteMethod.testFromSuiteMethod(SuiteMethod.java:35)
	at org.junit.internal.runners.SuiteMethod.&amp;lt;init&amp;gt;(SuiteMethod.java:24)
	at org.junit.internal.builders.SuiteMethodBuilder.runnerForClass(SuiteMethodBuilder.java:11)
	at org.junit.runners.model.RunnerBuilder.safeRunnerForClass(RunnerBuilder.java:59)
	at org.junit.internal.builders.AllDefaultPossibilitiesBuilder.runnerForClass(AllDefaultPossibilitiesBuilder.java:26)
	at org.junit.runners.model.RunnerBuilder.safeRunnerForClass(RunnerBuilder.java:59)
	at org.junit.internal.requests.ClassRequest.getRunner(ClassRequest.java:26)
	at org.apache.maven.surefire.junit4.JUnit4Provider.execute(JUnit4Provider.java:262)
	at org.apache.maven.surefire.junit4.JUnit4Provider.executeTestSet(JUnit4Provider.java:153)
	at org.apache.maven.surefire.junit4.JUnit4Provider.invoke(JUnit4Provider.java:124)
	at org.apache.maven.surefire.booter.ForkedBooter.invokeProviderInSameClassLoader(ForkedBooter.java:200)
	at org.apache.maven.surefire.booter.ForkedBooter.runSuitesInProcess(ForkedBooter.java:153)
	at org.apache.maven.surefire.booter.ForkedBooter.main(ForkedBooter.java:103)

	at junit.framework.Assert.fail(Assert.java:57)
	at org.apache.hadoop.hive.ql.QTestUtil.addTestsToSuiteFromQfileNames(QTestUtil.java:2045)
	at org.apache.hadoop.hive.cli.TestCliDriver.suite(TestCliDriver.java:120)




